[06-Dec-2023 09:54:28] NOTICE: fpm is running, pid 15
[06-Dec-2023 09:54:28] NOTICE: ready to handle connections
[06-Dec-2023 09:54:28] NOTICE: systemd monitor interval set to 10000ms
[06-Dec-2023 10:02:56] NOTICE: fpm is running, pid 15
[06-Dec-2023 10:02:56] NOTICE: ready to handle connections
[06-Dec-2023 10:02:56] NOTICE: systemd monitor interval set to 10000ms
[06-Dec-2023 10:09:26] NOTICE: fpm is running, pid 15
[06-Dec-2023 10:09:26] NOTICE: ready to handle connections
[06-Dec-2023 10:09:26] NOTICE: systemd monitor interval set to 10000ms
[06-Dec-2023 10:11:11] NOTICE: fpm is running, pid 15
[06-Dec-2023 10:11:11] NOTICE: ready to handle connections
[06-Dec-2023 10:11:11] NOTICE: systemd monitor interval set to 10000ms
[06-Dec-2023 10:18:18] NOTICE: fpm is running, pid 15
[06-Dec-2023 10:18:18] NOTICE: ready to handle connections
[06-Dec-2023 10:18:18] NOTICE: systemd monitor interval set to 10000ms
[06-Dec-2023 10:29:23] NOTICE: fpm is running, pid 15
[06-Dec-2023 10:29:23] NOTICE: ready to handle connections
[06-Dec-2023 10:29:23] NOTICE: systemd monitor interval set to 10000ms
[06-Dec-2023 10:31:46] NOTICE: fpm is running, pid 15
[06-Dec-2023 10:31:46] NOTICE: ready to handle connections
[06-Dec-2023 10:31:46] NOTICE: systemd monitor interval set to 10000ms
[06-Dec-2023 10:32:32] NOTICE: fpm is running, pid 15
[06-Dec-2023 10:32:32] NOTICE: ready to handle connections
[06-Dec-2023 10:32:32] NOTICE: systemd monitor interval set to 10000ms
[06-Dec-2023 10:34:10] NOTICE: Terminating ...
[06-Dec-2023 10:34:10] NOTICE: exiting, bye-bye!
[06-Dec-2023 13:25:47] NOTICE: fpm is running, pid 15
[06-Dec-2023 13:25:47] NOTICE: ready to handle connections
[06-Dec-2023 13:25:47] NOTICE: systemd monitor interval set to 10000ms
